<?xml version="1.0" encoding="UTF-8"?>
<testsuite name="ru.ifmo.tree.BPlusTreeTest" tests="4" skipped="0" failures="0" errors="0" timestamp="2021-05-17T08:32:11" hostname="bogdan-linux" time="0.04">
  <properties/>
  <testcase name="insertSeven_checkRootIsNode_checkLeafNodeSplit()" classname="ru.ifmo.tree.BPlusTreeTest" time="0.026"/>
  <testcase name="insertSixCheckNoSplit()" classname="ru.ifmo.tree.BPlusTreeTest" time="0.001"/>
  <testcase name="insert25_checkInnerNodesSplit_checkLeavesListIntegrity()" classname="ru.ifmo.tree.BPlusTreeTest" time="0.003"/>
  <testcase name="emptyTreeCheckRootClass()" classname="ru.ifmo.tree.BPlusTreeTest" time="0.001"/>
  <system-out><![CDATA[]]></system-out>
  <system-err><![CDATA[]]></system-err>
</testsuite>
